{
  "uid" : "4505f7a06a029d53",
  "name" : "test_04",
  "fullName" : "testcase.test_demo2.TestCase#test_04",
  "historyId" : "02490a258f3e4624d2a5c9b5a01c2c00",
  "time" : {
    "start" : 1753974849277,
    "stop" : 1753974849277,
    "duration" : 0
  },
  "status" : "failed",
  "statusMessage" : "AssertionError: assert False",
  "statusTrace" : "self = <testcase.test_demo2.TestCase object at 0x00000264CEBEA4D0>\n\n    def test_04(self):\n        print(\"---用例4执行---\")\n>       assert False\nE       assert False\n\ntestcase\\test_demo2.py:38: AssertionError",
  "flaky" : false,
  "newFailed" : false,
  "beforeStages" : [ {
    "name" : "_xunit_setup_class_fixture_TestCase",
    "time" : {
      "start" : 1753974846139,
      "stop" : 1753974846139,
      "duration" : 0
    },
    "status" : "passed",
    "steps" : [ ],
    "attachments" : [ ],
    "parameters" : [ ],
    "attachmentsCount" : 0,
    "shouldDisplayMessage" : false,
    "stepsCount" : 0,
    "hasContent" : false
  } ],
  "testStage" : {
    "status" : "failed",
    "statusMessage" : "AssertionError: assert False",
    "statusTrace" : "self = <testcase.test_demo2.TestCase object at 0x00000264CEBEA4D0>\n\n    def test_04(self):\n        print(\"---用例4执行---\")\n>       assert False\nE       assert False\n\ntestcase\\test_demo2.py:38: AssertionError",
    "steps" : [ ],
    "attachments" : [ {
      "uid" : "edacaf1400df26cd",
      "name" : "log",
      "source" : "edacaf1400df26cd.txt",
      "type" : "text/plain",
      "size" : 145
    }, {
      "uid" : "b3c2dd79734876c1",
      "name" : "stdout",
      "source" : "b3c2dd79734876c1.txt",
      "type" : "text/plain",
      "size" : 80
    } ],
    "parameters" : [ ],
    "attachmentsCount" : 2,
    "shouldDisplayMessage" : true,
    "stepsCount" : 0,
    "hasContent" : true
  },
  "afterStages" : [ {
    "name" : "_xunit_setup_class_fixture_TestCase::0",
    "time" : {
      "start" : 1753974849281,
      "stop" : 1753974849281,
      "duration" : 0
    },
    "status" : "passed",
    "steps" : [ ],
    "attachments" : [ ],
    "parameters" : [ ],
    "attachmentsCount" : 0,
    "shouldDisplayMessage" : false,
    "stepsCount" : 0,
    "hasContent" : false
  } ],
  "labels" : [ {
    "name" : "parentSuite",
    "value" : "testcase"
  }, {
    "name" : "suite",
    "value" : "test_demo2"
  }, {
    "name" : "subSuite",
    "value" : "TestCase"
  }, {
    "name" : "host",
    "value" : "BF-202006262120"
  }, {
    "name" : "thread",
    "value" : "7116-MainThread"
  }, {
    "name" : "framework",
    "value" : "pytest"
  }, {
    "name" : "language",
    "value" : "cpython3"
  }, {
    "name" : "package",
    "value" : "testcase.test_demo2"
  }, {
    "name" : "resultFormat",
    "value" : "allure2"
  } ],
  "parameters" : [ ],
  "links" : [ ],
  "hidden" : false,
  "retry" : false,
  "extra" : {
    "severity" : "normal",
    "retries" : [ {
      "uid" : "4951d9526c49d1cb",
      "status" : "failed",
      "statusDetails" : "AssertionError: assert False",
      "time" : {
        "start" : 1753974848269,
        "stop" : 1753974848269,
        "duration" : 0
      }
    }, {
      "uid" : "a2ac6afd8a38e9a9",
      "status" : "failed",
      "statusDetails" : "AssertionError: assert False",
      "time" : {
        "start" : 1753974847261,
        "stop" : 1753974847262,
        "duration" : 1
      }
    }, {
      "uid" : "a23c820184b55740",
      "status" : "failed",
      "statusDetails" : "AssertionError: assert False",
      "time" : {
        "start" : 1753974846140,
        "stop" : 1753974846140,
        "duration" : 0
      }
    } ],
    "categories" : [ {
      "name" : "Product defects",
      "matchedStatuses" : [ ],
      "flaky" : false
    } ],
    "tags" : [ ]
  },
  "source" : "4505f7a06a029d53.json",
  "parameterValues" : [ ]
}